This is pdfTeX, Version 3.141592653-2.6-1.40.24 (TeX Live 2022) (preloaded format=pdflatex 2022.11.2)  12 JAN 2023 20:55
entering extended mode
 \write18 enabled.
 file:line:error style messages enabled.
 %&-line parsing enabled.
**"c:/Users/Jason/OneDrive - University College London/University College London/Year 3/STAT0035 Project/Report/Main.tex"
(c:/Users/Jason/OneDrive - University College London/University College London/Year 3/STAT0035 Project/Report/Main.tex
LaTeX2e <2022-06-01> patch level 5
L3 programming layer <2022-10-26> (d:/Application/Programming/texlive/2022/texmf-dist/tex/latex/base/report.cls
Document Class: report 2022/07/02 v1.4n Standard LaTeX document class
(d:/Application/Programming/texlive/2022/texmf-dist/tex/latex/base/size10.clo
File: size10.clo 2022/07/02 v1.4n Standard LaTeX file (size option)
)
\c@part=\count185
\c@chapter=\count186
\c@section=\count187
\c@subsection=\count188
\c@subsubsection=\count189
\c@paragraph=\count190
\c@subparagraph=\count191
\c@figure=\count192
\c@table=\count193
\abovecaptionskip=\skip47
\belowcaptionskip=\skip48
\bibindent=\dimen138
) (./Packages.tex (d:/Application/Programming/texlive/2022/texmf-dist/tex/latex/geometry/geometry.sty
Package: geometry 2020/01/02 v5.9 Page Geometry
 (d:/Application/Programming/texlive/2022/texmf-dist/tex/latex/graphics/keyval.sty
Package: keyval 2022/05/29 v1.15 key=value parser (DPC)
\KV@toks@=\toks16
) (d:/Application/Programming/texlive/2022/texmf-dist/tex/generic/iftex/ifvtex.sty
Package: ifvtex 2019/10/25 v1.7 ifvtex legacy package. Use iftex instead.
 (d:/Application/Programming/texlive/2022/texmf-dist/tex/generic/iftex/iftex.sty
Package: iftex 2022/02/03 v1.0f TeX engine tests
))
\Gm@cnth=\count194
\Gm@cntv=\count195
\c@Gm@tempcnt=\count196
\Gm@bindingoffset=\dimen139
\Gm@wd@mp=\dimen140
\Gm@odd@mp=\dimen141
\Gm@even@mp=\dimen142
\Gm@layoutwidth=\dimen143
\Gm@layoutheight=\dimen144
\Gm@layouthoffset=\dimen145
\Gm@layoutvoffset=\dimen146
\Gm@dimlist=\toks17
) (d:/Application/Programming/texlive/2022/texmf-dist/tex/latex/amsmath/amsmath.sty
Package: amsmath 2022/04/08 v2.17n AMS math features
\@mathmargin=\skip49

For additional information on amsmath, use the `?' option.
(d:/Application/Programming/texlive/2022/texmf-dist/tex/latex/amsmath/amstext.sty
Package: amstext 2021/08/26 v2.01 AMS text
 (d:/Application/Programming/texlive/2022/texmf-dist/tex/latex/amsmath/amsgen.sty
File: amsgen.sty 1999/11/30 v2.0 generic functions
\@emptytoks=\toks18
\ex@=\dimen147
)) (d:/Application/Programming/texlive/2022/texmf-dist/tex/latex/amsmath/amsbsy.sty
Package: amsbsy 1999/11/29 v1.2d Bold Symbols
\pmbraise@=\dimen148
) (d:/Application/Programming/texlive/2022/texmf-dist/tex/latex/amsmath/amsopn.sty
Package: amsopn 2022/04/08 v2.04 operator names
)
\inf@bad=\count197
LaTeX Info: Redefining \frac on input line 234.
\uproot@=\count198
\leftroot@=\count199
LaTeX Info: Redefining \overline on input line 399.
LaTeX Info: Redefining \colon on input line 410.
\classnum@=\count266
\DOTSCASE@=\count267
LaTeX Info: Redefining \ldots on input line 496.
LaTeX Info: Redefining \dots on input line 499.
LaTeX Info: Redefining \cdots on input line 620.
\Mathstrutbox@=\box51
\strutbox@=\box52
LaTeX Info: Redefining \big on input line 722.
LaTeX Info: Redefining \Big on input line 723.
LaTeX Info: Redefining \bigg on input line 724.
LaTeX Info: Redefining \Bigg on input line 725.
\big@size=\dimen149
LaTeX Font Info:    Redeclaring font encoding OML on input line 743.
LaTeX Font Info:    Redeclaring font encoding OMS on input line 744.
\macc@depth=\count268
LaTeX Info: Redefining \bmod on input line 905.
LaTeX Info: Redefining \pmod on input line 910.
LaTeX Info: Redefining \smash on input line 940.
LaTeX Info: Redefining \relbar on input line 970.
LaTeX Info: Redefining \Relbar on input line 971.
\c@MaxMatrixCols=\count269
\dotsspace@=\muskip16
\c@parentequation=\count270
\dspbrk@lvl=\count271
\tag@help=\toks19
\row@=\count272
\column@=\count273
\maxfields@=\count274
\andhelp@=\toks20
\eqnshift@=\dimen150
\alignsep@=\dimen151
\tagshift@=\dimen152
\tagwidth@=\dimen153
\totwidth@=\dimen154
\lineht@=\dimen155
\@envbody=\toks21
\multlinegap=\skip50
\multlinetaggap=\skip51
\mathdisplay@stack=\toks22
LaTeX Info: Redefining \[ on input line 2953.
LaTeX Info: Redefining \] on input line 2954.
) (d:/Application/Programming/texlive/2022/texmf-dist/tex/latex/graphics/graphicx.sty
Package: graphicx 2021/09/16 v1.2d Enhanced LaTeX Graphics (DPC,SPQR)
 (d:/Application/Programming/texlive/2022/texmf-dist/tex/latex/graphics/graphics.sty
Package: graphics 2022/03/10 v1.4e Standard LaTeX Graphics (DPC,SPQR)
 (d:/Application/Programming/texlive/2022/texmf-dist/tex/latex/graphics/trig.sty
Package: trig 2021/08/11 v1.11 sin cos tan (DPC)
) (d:/Application/Programming/texlive/2022/texmf-dist/tex/latex/graphics-cfg/graphics.cfg
File: graphics.cfg 2016/06/04 v1.11 sample graphics configuration
)
Package graphics Info: Driver file: pdftex.def on input line 107.
 (d:/Application/Programming/texlive/2022/texmf-dist/tex/latex/graphics-def/pdftex.def
File: pdftex.def 2022/09/22 v1.2b Graphics/color driver for pdftex
\stockwidth=\dimen156
\stockheight=\dimen157
))
\Gin@req@height=\dimen158
\Gin@req@width=\dimen159
) (d:/Application/Programming/texlive/2022/texmf-dist/tex/latex/xcolor/xcolor.sty
Package: xcolor 2022/06/12 v2.14 LaTeX color extensions (UK)
 (d:/Application/Programming/texlive/2022/texmf-dist/tex/latex/graphics-cfg/color.cfg
File: color.cfg 2016/01/02 v1.6 sample color configuration
)
Package xcolor Info: Driver file: pdftex.def on input line 227.
 (d:/Application/Programming/texlive/2022/texmf-dist/tex/latex/graphics/mathcolor.ltx)
Package xcolor Info: Model `cmy' substituted by `cmy0' on input line 1353.
Package xcolor Info: Model `hsb' substituted by `rgb' on input line 1357.
Package xcolor Info: Model `RGB' extended on input line 1369.
Package xcolor Info: Model `HTML' substituted by `rgb' on input line 1371.
Package xcolor Info: Model `Hsb' substituted by `hsb' on input line 1372.
Package xcolor Info: Model `tHsb' substituted by `hsb' on input line 1373.
Package xcolor Info: Model `HSB' substituted by `hsb' on input line 1374.
Package xcolor Info: Model `Gray' substituted by `gray' on input line 1375.
Package xcolor Info: Model `wave' substituted by `hsb' on input line 1376.
) (d:/Application/Programming/texlive/2022/texmf-dist/tex/latex/minted/minted.sty
Package: minted 2021/12/24 v2.6 Yet another Pygments shim for LaTeX
 (d:/Application/Programming/texlive/2022/texmf-dist/tex/latex/kvoptions/kvoptions.sty
Package: kvoptions 2022-06-15 v3.15 Key value format for package options (HO)
 (d:/Application/Programming/texlive/2022/texmf-dist/tex/generic/ltxcmds/ltxcmds.sty
Package: ltxcmds 2020-05-10 v1.25 LaTeX kernel commands for general use (HO)
) (d:/Application/Programming/texlive/2022/texmf-dist/tex/latex/kvsetkeys/kvsetkeys.sty
Package: kvsetkeys 2022-10-05 v1.19 Key value parser (HO)
)) (d:/Application/Programming/texlive/2022/texmf-dist/tex/latex/fvextra/fvextra.sty
Package: fvextra 2022/11/30 v1.5 fvextra - extensions and patches for fancyvrb
 (d:/Application/Programming/texlive/2022/texmf-dist/tex/latex/etoolbox/etoolbox.sty
Package: etoolbox 2020/10/05 v2.5k e-TeX tools for LaTeX (JAW)
\etb@tempcnta=\count275
) (d:/Application/Programming/texlive/2022/texmf-dist/tex/latex/fancyvrb/fancyvrb.sty
Package: fancyvrb 2022/06/06 4.5 verbatim text (tvz,hv)
\FV@CodeLineNo=\count276
\FV@InFile=\read2
\FV@TabBox=\box53
\c@FancyVerbLine=\count277
\FV@StepNumber=\count278
\FV@OutFile=\write3
) (d:/Application/Programming/texlive/2022/texmf-dist/tex/latex/upquote/upquote.sty
Package: upquote 2012/04/19 v1.3 upright-quote and grave-accent glyphs in verbatim
) (d:/Application/Programming/texlive/2022/texmf-dist/tex/latex/lineno/lineno.sty
Package: lineno 2022/07/30 line numbers on paragraphs v5.0
\linenopenalty=\count279
\output=\toks23
\linenoprevgraf=\count280
\linenumbersep=\dimen160
\linenumberwidth=\dimen161
\c@linenumber=\count281
\c@pagewiselinenumber=\count282
\c@LN@truepage=\count283
\c@internallinenumber=\count284
\c@internallinenumbers=\count285
\quotelinenumbersep=\dimen162
\bframerule=\dimen163
\bframesep=\dimen164
\bframebox=\box54
\linenoamsmath@ams@eqpen=\count286
LaTeX Info: Redefining \\ on input line 3114.
)
\c@FV@TrueTabGroupLevel=\count287
\c@FV@TrueTabCounter=\count288
\FV@TabBox@Group=\box55
\FV@TmpLength=\skip52
\c@FV@HighlightLinesStart=\count289
\c@FV@HighlightLinesStop=\count290
\FV@LoopCount=\count291
\FV@NCharsBox=\box56
\FV@BreakIndent=\dimen165
\FV@BreakIndentNChars=\count292
\FV@BreakSymbolSepLeft=\dimen166
\FV@BreakSymbolSepLeftNChars=\count293
\FV@BreakSymbolSepRight=\dimen167
\FV@BreakSymbolSepRightNChars=\count294
\FV@BreakSymbolIndentLeft=\dimen168
\FV@BreakSymbolIndentLeftNChars=\count295
\FV@BreakSymbolIndentRight=\dimen169
\FV@BreakSymbolIndentRightNChars=\count296
\c@FancyVerbLineBreakLast=\count297
\FV@LineBox=\box57
\FV@LineIndentBox=\box58
\c@FV@BreakBufferDepth=\count298
\FV@LineWidth=\dimen170
) (d:/Application/Programming/texlive/2022/texmf-dist/tex/latex/base/ifthen.sty
Package: ifthen 2022/04/13 v1.1d Standard LaTeX ifthen package (DPC)
) (d:/Application/Programming/texlive/2022/texmf-dist/tex/latex/tools/calc.sty
Package: calc 2017/05/25 v4.3 Infix arithmetic (KKT,FJ)
\calc@Acount=\count299
\calc@Bcount=\count300
\calc@Adimen=\dimen171
\calc@Bdimen=\dimen172
\calc@Askip=\skip53
\calc@Bskip=\skip54
LaTeX Info: Redefining \setlength on input line 80.
LaTeX Info: Redefining \addtolength on input line 81.
\calc@Ccount=\count301
\calc@Cskip=\skip55
) (d:/Application/Programming/texlive/2022/texmf-dist/tex/latex/tools/shellesc.sty
Package: shellesc 2019/11/08 v1.0c unified shell escape interface for LaTeX
Package shellesc Info: Unrestricted shell escape enabled on input line 75.
) (d:/Application/Programming/texlive/2022/texmf-dist/tex/latex/ifplatform/ifplatform.sty
Package: ifplatform 2017/10/13 v0.4a Testing for the operating system
 (d:/Application/Programming/texlive/2022/texmf-dist/tex/generic/pdftexcmds/pdftexcmds.sty
Package: pdftexcmds 2020-06-27 v0.33 Utility functions of pdfTeX for LuaTeX (HO)
 (d:/Application/Programming/texlive/2022/texmf-dist/tex/generic/infwarerr/infwarerr.sty
Package: infwarerr 2019/12/03 v1.5 Providing info/warning/error messages (HO)
)
Package pdftexcmds Info: \pdf@primitive is available.
Package pdftexcmds Info: \pdf@ifprimitive is available.
Package pdftexcmds Info: \pdfdraftmode found.
) (d:/Application/Programming/texlive/2022/texmf-dist/tex/generic/catchfile/catchfile.sty
Package: catchfile 2019/12/09 v1.8 Catch the contents of a file (HO)
 (d:/Application/Programming/texlive/2022/texmf-dist/tex/generic/etexcmds/etexcmds.sty
Package: etexcmds 2019/12/15 v1.7 Avoid name clashes with e-TeX commands (HO)
)) (d:/Application/Programming/texlive/2022/texmf-dist/tex/generic/iftex/ifluatex.sty
Package: ifluatex 2019/10/25 v1.5 ifluatex legacy package. Use iftex instead.
)) (d:/Application/Programming/texlive/2022/texmf-dist/tex/generic/xstring/xstring.sty (d:/Application/Programming/texlive/2022/texmf-dist/tex/generic/xstring/xstring.tex
\integerpart=\count302
\decimalpart=\count303
)
Package: xstring 2021/07/21 v1.84 String manipulations (CT)
) (d:/Application/Programming/texlive/2022/texmf-dist/tex/latex/framed/framed.sty
Package: framed 2011/10/22 v 0.96: framed or shaded text with page breaks
\OuterFrameSep=\skip56
\fb@frw=\dimen173
\fb@frh=\dimen174
\FrameRule=\dimen175
\FrameSep=\dimen176
) (d:/Application/Programming/texlive/2022/texmf-dist/tex/latex/float/float.sty
Package: float 2001/11/08 v1.3d Float enhancements (AL)
\c@float@type=\count304
\float@exts=\toks24
\float@box=\box59
\@float@everytoks=\toks25
\@floatcapt=\box60
)
\minted@appexistsfile=\read3
\minted@bgbox=\box61
\minted@code=\write4
\c@minted@FancyVerbLineTemp=\count305
\c@minted@pygmentizecounter=\count306
\@float@every@listing=\toks26
\c@listing=\count307
)
runsystem(if not exist _minted-Main mkdir _minted-Main)...executed.

)
runsystem(for ^%i in (pygmentize.exe pygmentize.bat pygmentize.cmd) do set > Main.aex <nul: /p x=^%~$PATH:i>> Main.aex)...executed.

runsystem(del Main.aex)...executed.

 (d:/Application/Programming/texlive/2022/texmf-dist/tex/latex/l3backend/l3backend-pdftex.def
File: l3backend-pdftex.def 2022-10-26 L3 backend support: PDF output (pdfTeX)
\l__color_backend_stack_int=\count308
\l__pdf_internal_box=\box62
) (./Main.aux)
\openout1 = `Main.aux'.

LaTeX Font Info:    Checking defaults for OML/cmm/m/it on input line 7.
LaTeX Font Info:    ... okay on input line 7.
LaTeX Font Info:    Checking defaults for OMS/cmsy/m/n on input line 7.
LaTeX Font Info:    ... okay on input line 7.
LaTeX Font Info:    Checking defaults for OT1/cmr/m/n on input line 7.
LaTeX Font Info:    ... okay on input line 7.
LaTeX Font Info:    Checking defaults for T1/cmr/m/n on input line 7.
LaTeX Font Info:    ... okay on input line 7.
LaTeX Font Info:    Checking defaults for TS1/cmr/m/n on input line 7.
LaTeX Font Info:    ... okay on input line 7.
LaTeX Font Info:    Checking defaults for OMX/cmex/m/n on input line 7.
LaTeX Font Info:    ... okay on input line 7.
LaTeX Font Info:    Checking defaults for U/cmr/m/n on input line 7.
LaTeX Font Info:    ... okay on input line 7.

*geometry* driver: auto-detecting
*geometry* detected driver: pdftex
*geometry* verbose mode - [ preamble ] result:
* driver: pdftex
* paper: letterpaper
* layout: <same size as paper>
* layoutoffset:(h,v)=(0.0pt,0.0pt)
* modes: 
* h-part:(L,W,R)=(86.72377pt, 440.84746pt, 86.72377pt)
* v-part:(T,H,B)=(86.72377pt, 621.52245pt, 86.72377pt)
* \paperwidth=614.295pt
* \paperheight=794.96999pt
* \textwidth=440.84746pt
* \textheight=621.52245pt
* \oddsidemargin=14.45378pt
* \evensidemargin=14.45378pt
* \topmargin=-22.54622pt
* \headheight=12.0pt
* \headsep=25.0pt
* \topskip=10.0pt
* \footskip=30.0pt
* \marginparwidth=65.0pt
* \marginparsep=11.0pt
* \columnsep=10.0pt
* \skip\footins=9.0pt plus 4.0pt minus 2.0pt
* \hoffset=0.0pt
* \voffset=0.0pt
* \mag=1000
* \@twocolumnfalse
* \@twosidefalse
* \@mparswitchfalse
* \@reversemarginfalse
* (1in=72.27pt=25.4mm, 1cm=28.453pt)

(d:/Application/Programming/texlive/2022/texmf-dist/tex/context/base/mkii/supp-pdf.mkii
[Loading MPS to PDF converter (version 2006.09.02).]
\scratchcounter=\count309
\scratchdimen=\dimen177
\scratchbox=\box63
\nofMPsegments=\count310
\nofMParguments=\count311
\everyMPshowfont=\toks27
\MPscratchCnt=\count312
\MPscratchDim=\dimen178
\MPnumerator=\count313
\makeMPintoPDFobject=\count314
\everyMPtoPDFconversion=\toks28
) (d:/Application/Programming/texlive/2022/texmf-dist/tex/latex/epstopdf-pkg/epstopdf-base.sty
Package: epstopdf-base 2020-01-24 v2.11 Base part for package epstopdf
Package epstopdf-base Info: Redefining graphics rule for `.eps' on input line 485.
 (d:/Application/Programming/texlive/2022/texmf-dist/tex/latex/latexconfig/epstopdf-sys.cfg
File: epstopdf-sys.cfg 2010/07/13 v1.3 Configuration of (r)epstopdf for TeX Live
)) (./Preamble.tex [1

{d:/Application/Programming/texlive/2022/texmf-var/fonts/map/pdftex/updmap/pdftex.map}] (./Main.toc [1

])
\tf@toc=\write5
\openout5 = `Main.toc'.

 [2]) (./Chapter 1.tex
Chapter 1.
\openout4 = `Main.pyg'.

(./_minted-Main/default.pygstyle) (./_minted-Main/937D1B8A60E1776BF436457851B18BB1C20BEFC9F9F425EF9CB92AD11F9ECA43.pygtex)
\openout4 = `Main.pyg'.

 (./_minted-Main/937D1B8A60E1776BF436457851B18BB1C20BEFC9F9F425EF9CB92AD11F9ECA43.pygtex)
\openout4 = `Main.pyg'.

 (./_minted-Main/937D1B8A60E1776BF436457851B18BB1C20BEFC9F9F425EF9CB92AD11F9ECA43.pygtex) [3

] [4]) (./Chapter 2.tex
Chapter 2.
\openout4 = `Main.pyg'.

(./_minted-Main/937D1B8A60E1776BF436457851B18BB1C20BEFC9F9F425EF9CB92AD11F9ECA43.pygtex)
\openout4 = `Main.pyg'.

 (./_minted-Main/D3E353A4E7798AEF768776B10C29ECC7C20BEFC9F9F425EF9CB92AD11F9ECA43.pygtex)
\openout4 = `Main.pyg'.

 (./_minted-Main/ABFC80933BD65E700DBB8A5035DEB9DDC20BEFC9F9F425EF9CB92AD11F9ECA43.pygtex)
\openout4 = `Main.pyg'.

 (./_minted-Main/25711F0C332211078ED48D44CFAAEDE6C20BEFC9F9F425EF9CB92AD11F9ECA43.pygtex)
\openout4 = `Main.pyg'.

 (./_minted-Main/139C6C212D9F961775D5C64C1AA77219C20BEFC9F9F425EF9CB92AD11F9ECA43.pygtex)
\openout4 = `Main.pyg'.

 (./_minted-Main/E4AF4CA18C4651B5D703649E8B623395C20BEFC9F9F425EF9CB92AD11F9ECA43.pygtex) [5

]
\openout4 = `Main.pyg'.

 (./_minted-Main/43BE2F60A6DB7BF23ED742E2B13AB659C20BEFC9F9F425EF9CB92AD11F9ECA43.pygtex)
\openout4 = `Main.pyg'.

 (./_minted-Main/20A882C5C27D7D7200ED5F431204314FC20BEFC9F9F425EF9CB92AD11F9ECA43.pygtex)
\openout4 = `Main.pyg'.

 (./_minted-Main/F21E02B3BDC1281ADDF2A73BDE17F8FAC20BEFC9F9F425EF9CB92AD11F9ECA43.pygtex)
\openout3 = `Main.pyg'.

 (./_minted-Main/096453BE469FE694C1F0DB4A01A588D6C20BEFC9F9F425EF9CB92AD11F9ECA43.pygtex)
\openout4 = `Main.pyg'.

 (./_minted-Main/43BE2F60A6DB7BF23ED742E2B13AB659C20BEFC9F9F425EF9CB92AD11F9ECA43.pygtex)
\openout4 = `Main.pyg'.

 (./_minted-Main/0B30CF6B168EA1D831A5FE28A209E73BC20BEFC9F9F425EF9CB92AD11F9ECA43.pygtex)) (./Chapter 3.tex [6]
Chapter 3.
) (./Chapter 4.tex [7

]
Chapter 4.
\openout4 = `Main.pyg'.

(./_minted-Main/AB4AD7F230160B2C08375225D04B1A32C20BEFC9F9F425EF9CB92AD11F9ECA43.pygtex)
\openout4 = `Main.pyg'.

 (./_minted-Main/7BB411A67D2E335012B92C2146804F11C20BEFC9F9F425EF9CB92AD11F9ECA43.pygtex)
\openout4 = `Main.pyg'.

 (./_minted-Main/7FD3ACAD6B19291496464F6C11CECC44C20BEFC9F9F425EF9CB92AD11F9ECA43.pygtex)
\openout4 = `Main.pyg'.

 (./_minted-Main/035209ABA134B69194DCC87E7769D42EC20BEFC9F9F425EF9CB92AD11F9ECA43.pygtex)
\openout4 = `Main.pyg'.

 (./_minted-Main/C911FA1590510A7ADCA3F96B06D82BCDC20BEFC9F9F425EF9CB92AD11F9ECA43.pygtex)
\openout4 = `Main.pyg'.

 (./_minted-Main/0D7A001FF3BCD5D4956A678B7D1A36F6C20BEFC9F9F425EF9CB92AD11F9ECA43.pygtex)
\openout4 = `Main.pyg'.

 (./_minted-Main/AD0B16CF5874199F6EABD94705CFA35FC20BEFC9F9F425EF9CB92AD11F9ECA43.pygtex)
\openout4 = `Main.pyg'.

 (./_minted-Main/AB601D32CB20E6E9A63D32313C43FCDCC20BEFC9F9F425EF9CB92AD11F9ECA43.pygtex)
\openout4 = `Main.pyg'.

 (./_minted-Main/BDDD03CC982E09D53DF80C7B0E720061C20BEFC9F9F425EF9CB92AD11F9ECA43.pygtex)
\openout4 = `Main.pyg'.

 (./_minted-Main/83B566DE27EFAF1A357F2C4D5DB3642BC20BEFC9F9F425EF9CB92AD11F9ECA43.pygtex)
\openout4 = `Main.pyg'.

 (./_minted-Main/3A79ADC9462B2312B8F5D93759E7F0BAC20BEFC9F9F425EF9CB92AD11F9ECA43.pygtex)
\openout4 = `Main.pyg'.

 (./_minted-Main/CB37A72154CFEBC659E2F7DEC46F093BC20BEFC9F9F425EF9CB92AD11F9ECA43.pygtex)
\openout4 = `Main.pyg'.

 (./_minted-Main/3A79ADC9462B2312B8F5D93759E7F0BAC20BEFC9F9F425EF9CB92AD11F9ECA43.pygtex)
\openout4 = `Main.pyg'.

 (./_minted-Main/3AEF716D7619949F18B50A3F1297CDF1C20BEFC9F9F425EF9CB92AD11F9ECA43.pygtex) [8

] [9] [10]) (./Chapter 5.tex
Chapter 5.
) (./Main.bbl [11

]) [12

] (./Main.aux)
runsystem(del Main.pyg)...executed.

 ) 
Here is how much of TeX's memory you used:
 7185 strings out of 475066
 143008 string characters out of 5770797
 529727 words of memory out of 5000000
 28387 multiletter control sequences out of 15000+600000
 476368 words of font info for 53 fonts, out of 8000000 for 9000
 1141 hyphenation exceptions out of 8191
 79i,12n,80p,868b,609s stack positions out of 10000i,1000n,20000p,200000b,200000s
<d:/Application/Programming/texlive/2022/texmf-dist/fonts/type1/public/amsfonts/cm/cmbx10.pfb><d:/Application/Programming/texlive/2022/texmf-dist/fonts/type1/public/amsfonts/cm/cmbx12.pfb><d:/Application/Programming/texlive/2022/texmf-dist/fonts/type1/public/amsfonts/cm/cmmi10.pfb><d:/Application/Programming/texlive/2022/texmf-dist/fonts/type1/public/amsfonts/cm/cmr10.pfb><d:/Application/Programming/texlive/2022/texmf-dist/fonts/type1/public/amsfonts/cm/cmr12.pfb><d:/Application/Programming/texlive/2022/texmf-dist/fonts/type1/public/amsfonts/cm/cmr17.pfb><d:/Application/Programming/texlive/2022/texmf-dist/fonts/type1/public/amsfonts/cm/cmr5.pfb><d:/Application/Programming/texlive/2022/texmf-dist/fonts/type1/public/amsfonts/cm/cmsy10.pfb><d:/Application/Programming/texlive/2022/texmf-dist/fonts/type1/public/amsfonts/cm/cmti10.pfb><d:/Application/Programming/texlive/2022/texmf-dist/fonts/type1/public/amsfonts/cm/cmtt10.pfb>
Output written on Main.pdf (13 pages, 158252 bytes).
PDF statistics:
 97 PDF objects out of 1000 (max. 8388607)
 61 compressed objects within 1 object stream
 0 named destinations out of 1000 (max. 500000)
 1 words of extra memory for PDF output out of 10000 (max. 10000000)

